<?xml version="1.0" encoding="UTF-8"?>
<testsuite xmlns:xsi="http://www.w3.org/2001/XMLSchema-instance" xsi:noNamespaceSchemaLocation="https://maven.apache.org/surefire/maven-surefire-plugin/xsd/surefire-test-report-3.0.xsd" version="3.0" name="com.example.CalculatorTest" time="0.062" tests="13" errors="0" skipped="0" failures="0">
  <properties>
[...]
</properties>
  <testcase name="testDivideByZero" classname="com.example.CalculatorTest" time="0.008">
    <system-out><![CDATA[[Before All] Calculator Test suite starting... by spokharel
[Before Each] Starting Test: testDivideByZero()
[After Each] Finished Test: testDivideByZero()
]]></system-out>
  </testcase>
  <testcase name="testAdd(int, int, int)[1]" classname="com.example.CalculatorTest" time="0.006">
    <system-out><![CDATA[[Before Each] Starting Test: add(100,2) = 102
[After Each] Finished Test: add(100,2) = 102
]]></system-out>
  </testcase>
  <testcase name="testAdd(int, int, int)[2]" classname="com.example.CalculatorTest" time="0.001">
    <system-out><![CDATA[[Before Each] Starting Test: add(100,-2) = 98
[After Each] Finished Test: add(100,-2) = 98
]]></system-out>
  </testcase>
  <testcase name="testAdd(int, int, int)[3]" classname="com.example.CalculatorTest" time="0">
    <system-out><![CDATA[[Before Each] Starting Test: add(-100,2) = -98
[After Each] Finished Test: add(-100,2) = -98
]]></system-out>
  </testcase>
  <testcase name="testAdd(int, int, int)[4]" classname="com.example.CalculatorTest" time="0">
    <system-out><![CDATA[[Before Each] Starting Test: add(-100,-2) = -102
[After Each] Finished Test: add(-100,-2) = -102
]]></system-out>
  </testcase>
  <testcase name="testSubtract(int, int, int)[1]" classname="com.example.CalculatorTest" time="0.001">
    <system-out><![CDATA[[Before Each] Starting Test: subtract(100,2) = 98
[After Each] Finished Test: subtract(100,2) = 98
]]></system-out>
  </testcase>
  <testcase name="testSubtract(int, int, int)[2]" classname="com.example.CalculatorTest" time="0.001">
    <system-out><![CDATA[[Before Each] Starting Test: subtract(100,-2) = 102
[After Each] Finished Test: subtract(100,-2) = 102
]]></system-out>
  </testcase>
  <testcase name="testSubtract(int, int, int)[3]" classname="com.example.CalculatorTest" time="0.001">
    <system-out><![CDATA[[Before Each] Starting Test: subtract(-100,2) = -102
[After Each] Finished Test: subtract(-100,2) = -102
]]></system-out>
  </testcase>
  <testcase name="testSubtract(int, int, int)[4]" classname="com.example.CalculatorTest" time="0.001">
    <system-out><![CDATA[[Before Each] Starting Test: subtract(-100,-2) = -98
[After Each] Finished Test: subtract(-100,-2) = -98
]]></system-out>
  </testcase>
  <testcase name="testMultiply(int, int, int)[1]" classname="com.example.CalculatorTest" time="0.001">
    <system-out><![CDATA[[Before Each] Starting Test: multiply(100,2) = 200
[After Each] Finished Test: multiply(100,2) = 200
]]></system-out>
  </testcase>
  <testcase name="testMultiply(int, int, int)[2]" classname="com.example.CalculatorTest" time="0.001">
    <system-out><![CDATA[[Before Each] Starting Test: multiply(100,-2) = -200
[After Each] Finished Test: multiply(100,-2) = -200
]]></system-out>
  </testcase>
  <testcase name="testMultiply(int, int, int)[3]" classname="com.example.CalculatorTest" time="0.001">
    <system-out><![CDATA[[Before Each] Starting Test: multiply(-100,2) = -200
[After Each] Finished Test: multiply(-100,2) = -200
]]></system-out>
  </testcase>
  <testcase name="testMultiply(int, int, int)[4]" classname="com.example.CalculatorTest" time="0.001">
    <system-out><![CDATA[[Before Each] Starting Test: multiply(-100,-2) = 200
[After Each] Finished Test: multiply(-100,-2) = 200
]]></system-out>
  </testcase>
</testsuite>